2020-12-12 22:28:02,733-INFO-FILE:scrap_package.py-FUNC:timeout_handler-LINE:47-successfully requested and souped https://pypi.org/search/?q=&o=-created&c=Topic+%3A%3A+Database
2020-12-12 22:28:02,733-INFO-FILE:scrap_package.py-FUNC:timeout_handler-LINE:47-successfully requested and souped https://pypi.org/search/?q=&o=-created&c=Topic+%3A%3A+Database
2020-12-12 22:28:08,169-INFO-FILE:scrap_package.py-FUNC:timeout_handler-LINE:47-successfully requested and souped https://pypi.org/search/?c=Topic+%3A%3A+Database&o=-created&q=&page=2
2020-12-12 22:28:08,169-INFO-FILE:scrap_package.py-FUNC:timeout_handler-LINE:47-successfully requested and souped https://pypi.org/search/?c=Topic+%3A%3A+Database&o=-created&q=&page=2
2020-12-12 22:28:08,498-INFO-FILE:scrap_package.py-FUNC:timeout_handler-LINE:47-successfully requested and souped https://pypi.org/project/piccolo-admin/
2020-12-12 22:28:08,498-INFO-FILE:scrap_package.py-FUNC:timeout_handler-LINE:47-successfully requested and souped https://pypi.org/project/piccolo-admin/
2020-12-12 22:28:13,031-INFO-FILE:scrap_package.py-FUNC:timeout_handler-LINE:47-successfully requested and souped https://pypi.org/project/py4web/
2020-12-12 22:28:13,031-INFO-FILE:scrap_package.py-FUNC:timeout_handler-LINE:47-successfully requested and souped https://pypi.org/project/py4web/
2020-12-12 22:28:14,886-INFO-FILE:scrap_package.py-FUNC:timeout_handler-LINE:47-successfully requested and souped https://pypi.org/project/litecli/
2020-12-12 22:28:14,886-INFO-FILE:scrap_package.py-FUNC:timeout_handler-LINE:47-successfully requested and souped https://pypi.org/project/litecli/
2020-12-12 22:28:16,497-INFO-FILE:scrap_package.py-FUNC:timeout_handler-LINE:47-successfully requested and souped https://pypi.org/project/vectorai-nightly/
2020-12-12 22:28:16,497-INFO-FILE:scrap_package.py-FUNC:timeout_handler-LINE:47-successfully requested and souped https://pypi.org/project/vectorai-nightly/
2020-12-12 22:28:18,189-INFO-FILE:scrap_package.py-FUNC:timeout_handler-LINE:47-successfully requested and souped https://pypi.org/project/pgcli/
2020-12-12 22:28:18,189-INFO-FILE:scrap_package.py-FUNC:timeout_handler-LINE:47-successfully requested and souped https://pypi.org/project/pgcli/
2020-12-12 22:28:19,493-INFO-FILE:scrap_package.py-FUNC:timeout_handler-LINE:47-successfully requested and souped https://pypi.org/project/asynctnt/
2020-12-12 22:28:19,493-INFO-FILE:scrap_package.py-FUNC:timeout_handler-LINE:47-successfully requested and souped https://pypi.org/project/asynctnt/
2020-12-12 22:28:21,124-INFO-FILE:scrap_package.py-FUNC:timeout_handler-LINE:47-successfully requested and souped https://pypi.org/project/toydb/
2020-12-12 22:28:21,124-INFO-FILE:scrap_package.py-FUNC:timeout_handler-LINE:47-successfully requested and souped https://pypi.org/project/toydb/
2020-12-12 22:28:22,771-INFO-FILE:scrap_package.py-FUNC:timeout_handler-LINE:47-successfully requested and souped https://pypi.org/project/tshistory-xl/
2020-12-12 22:28:22,771-INFO-FILE:scrap_package.py-FUNC:timeout_handler-LINE:47-successfully requested and souped https://pypi.org/project/tshistory-xl/
2020-12-12 22:28:23,877-INFO-FILE:scrap_package.py-FUNC:timeout_handler-LINE:47-successfully requested and souped https://pypi.org/project/rework/
2020-12-12 22:28:23,877-INFO-FILE:scrap_package.py-FUNC:timeout_handler-LINE:47-successfully requested and souped https://pypi.org/project/rework/
2020-12-12 22:28:25,085-INFO-FILE:scrap_package.py-FUNC:timeout_handler-LINE:47-successfully requested and souped https://pypi.org/project/tsview/
2020-12-12 22:28:25,085-INFO-FILE:scrap_package.py-FUNC:timeout_handler-LINE:47-successfully requested and souped https://pypi.org/project/tsview/
2020-12-12 22:28:26,303-INFO-FILE:scrap_package.py-FUNC:timeout_handler-LINE:47-successfully requested and souped https://pypi.org/project/tshistory-formula/
2020-12-12 22:28:26,303-INFO-FILE:scrap_package.py-FUNC:timeout_handler-LINE:47-successfully requested and souped https://pypi.org/project/tshistory-formula/
2020-12-12 22:28:27,427-INFO-FILE:scrap_package.py-FUNC:timeout_handler-LINE:47-successfully requested and souped https://pypi.org/project/tshistory-supervision/
2020-12-12 22:28:27,427-INFO-FILE:scrap_package.py-FUNC:timeout_handler-LINE:47-successfully requested and souped https://pypi.org/project/tshistory-supervision/
2020-12-12 22:28:28,518-INFO-FILE:scrap_package.py-FUNC:timeout_handler-LINE:47-successfully requested and souped https://pypi.org/project/tshistory/
2020-12-12 22:28:28,518-INFO-FILE:scrap_package.py-FUNC:timeout_handler-LINE:47-successfully requested and souped https://pypi.org/project/tshistory/
2020-12-12 22:28:29,747-INFO-FILE:scrap_package.py-FUNC:timeout_handler-LINE:47-successfully requested and souped https://pypi.org/project/commcare-export/
2020-12-12 22:28:29,747-INFO-FILE:scrap_package.py-FUNC:timeout_handler-LINE:47-successfully requested and souped https://pypi.org/project/commcare-export/
2020-12-12 22:28:31,462-INFO-FILE:scrap_package.py-FUNC:timeout_handler-LINE:47-successfully requested and souped https://pypi.org/project/transaction/
2020-12-12 22:28:31,462-INFO-FILE:scrap_package.py-FUNC:timeout_handler-LINE:47-successfully requested and souped https://pypi.org/project/transaction/
2020-12-12 22:28:33,087-INFO-FILE:scrap_package.py-FUNC:timeout_handler-LINE:47-successfully requested and souped https://pypi.org/project/xlrd/
2020-12-12 22:28:33,087-INFO-FILE:scrap_package.py-FUNC:timeout_handler-LINE:47-successfully requested and souped https://pypi.org/project/xlrd/
2020-12-12 22:28:34,213-INFO-FILE:scrap_package.py-FUNC:timeout_handler-LINE:47-successfully requested and souped https://pypi.org/project/cmem-cmemc/
2020-12-12 22:28:34,213-INFO-FILE:scrap_package.py-FUNC:timeout_handler-LINE:47-successfully requested and souped https://pypi.org/project/cmem-cmemc/
2020-12-12 22:28:35,376-INFO-FILE:scrap_package.py-FUNC:timeout_handler-LINE:47-successfully requested and souped https://pypi.org/project/cmem-cmempy/
2020-12-12 22:28:35,376-INFO-FILE:scrap_package.py-FUNC:timeout_handler-LINE:47-successfully requested and souped https://pypi.org/project/cmem-cmempy/
2020-12-12 22:28:36,691-INFO-FILE:scrap_package.py-FUNC:timeout_handler-LINE:47-successfully requested and souped https://pypi.org/project/pottery/
2020-12-12 22:28:36,691-INFO-FILE:scrap_package.py-FUNC:timeout_handler-LINE:47-successfully requested and souped https://pypi.org/project/pottery/
2020-12-12 22:28:38,316-INFO-FILE:scrap_package.py-FUNC:timeout_handler-LINE:47-successfully requested and souped https://pypi.org/project/powa-collector/
2020-12-12 22:28:38,316-INFO-FILE:scrap_package.py-FUNC:timeout_handler-LINE:47-successfully requested and souped https://pypi.org/project/powa-collector/
2020-12-12 23:26:53,496-INFO-FILE:scrap_package.py-FUNC:timeout_handler-LINE:47-successfully requested and souped https://pypi.org/search/?q=&o=-created&c=Topic+%3A%3A+Communications
2020-12-12 23:26:53,496-INFO-FILE:scrap_package.py-FUNC:timeout_handler-LINE:47-successfully requested and souped https://pypi.org/search/?q=&o=-created&c=Topic+%3A%3A+Communications
2020-12-12 23:26:54,827-INFO-FILE:scrap_package.py-FUNC:timeout_handler-LINE:47-successfully requested and souped https://pypi.org/search/?c=Topic+%3A%3A+Communications&o=-created&q=&page=2
2020-12-12 23:26:54,827-INFO-FILE:scrap_package.py-FUNC:timeout_handler-LINE:47-successfully requested and souped https://pypi.org/search/?c=Topic+%3A%3A+Communications&o=-created&q=&page=2
2020-12-12 23:26:55,821-INFO-FILE:scrap_package.py-FUNC:timeout_handler-LINE:47-successfully requested and souped https://pypi.org/project/mautrix-instagram/
2020-12-12 23:26:55,821-INFO-FILE:scrap_package.py-FUNC:timeout_handler-LINE:47-successfully requested and souped https://pypi.org/project/mautrix-instagram/
2020-12-12 23:27:01,067-INFO-FILE:scrap_package.py-FUNC:timeout_handler-LINE:47-successfully requested and souped https://pypi.org/project/tlds/
2020-12-12 23:27:01,067-INFO-FILE:scrap_package.py-FUNC:timeout_handler-LINE:47-successfully requested and souped https://pypi.org/project/tlds/
2020-12-13 13:27:18,784-INFO-FILE:scrap_package.py-FUNC:timeout_handler-LINE:47-successfully requested and souped https://pypi.org/search/?q=&o=-created&c=Topic+%3A%3A+Communications
2020-12-13 13:27:18,784-INFO-FILE:scrap_package.py-FUNC:timeout_handler-LINE:47-successfully requested and souped https://pypi.org/search/?q=&o=-created&c=Topic+%3A%3A+Communications
2020-12-13 13:27:20,025-INFO-FILE:scrap_package.py-FUNC:timeout_handler-LINE:47-successfully requested and souped https://pypi.org/search/?c=Topic+%3A%3A+Communications&o=-created&q=&page=2
2020-12-13 13:27:20,025-INFO-FILE:scrap_package.py-FUNC:timeout_handler-LINE:47-successfully requested and souped https://pypi.org/search/?c=Topic+%3A%3A+Communications&o=-created&q=&page=2
2020-12-13 13:27:21,011-INFO-FILE:scrap_package.py-FUNC:timeout_handler-LINE:47-successfully requested and souped https://pypi.org/project/hata/
2020-12-13 13:27:21,011-INFO-FILE:scrap_package.py-FUNC:timeout_handler-LINE:47-successfully requested and souped https://pypi.org/project/hata/
2020-12-13 13:27:25,727-INFO-FILE:scrap_package.py-FUNC:timeout_handler-LINE:47-successfully requested and souped https://pypi.org/project/tlds/
2020-12-13 13:27:25,727-INFO-FILE:scrap_package.py-FUNC:timeout_handler-LINE:47-successfully requested and souped https://pypi.org/project/tlds/
2020-12-13 13:27:41,268-INFO-FILE:scrap_package.py-FUNC:timeout_handler-LINE:47-successfully requested and souped https://pypi.org/search/?q=&o=-created&c=Topic+%3A%3A+Communications
2020-12-13 13:27:41,268-INFO-FILE:scrap_package.py-FUNC:timeout_handler-LINE:47-successfully requested and souped https://pypi.org/search/?q=&o=-created&c=Topic+%3A%3A+Communications
2020-12-13 13:27:42,233-INFO-FILE:scrap_package.py-FUNC:timeout_handler-LINE:47-successfully requested and souped https://pypi.org/search/?c=Topic+%3A%3A+Communications&o=-created&q=&page=2
2020-12-13 13:27:42,233-INFO-FILE:scrap_package.py-FUNC:timeout_handler-LINE:47-successfully requested and souped https://pypi.org/search/?c=Topic+%3A%3A+Communications&o=-created&q=&page=2
2020-12-13 13:27:42,720-INFO-FILE:scrap_package.py-FUNC:timeout_handler-LINE:47-successfully requested and souped https://pypi.org/project/hata/
2020-12-13 13:27:42,720-INFO-FILE:scrap_package.py-FUNC:timeout_handler-LINE:47-successfully requested and souped https://pypi.org/project/hata/
2020-12-13 13:43:35,110-INFO-FILE:scrap_package.py-FUNC:timeout_handler-LINE:47-successfully requested and souped https://pypi.org/search/?q=&o=-created&c=Topic+%3A%3A+Communications
2020-12-13 13:43:35,110-INFO-FILE:scrap_package.py-FUNC:timeout_handler-LINE:47-successfully requested and souped https://pypi.org/search/?q=&o=-created&c=Topic+%3A%3A+Communications
2020-12-13 13:43:36,699-INFO-FILE:scrap_package.py-FUNC:timeout_handler-LINE:47-successfully requested and souped https://pypi.org/search/?c=Topic+%3A%3A+Communications&o=-created&q=&page=2
2020-12-13 13:43:36,699-INFO-FILE:scrap_package.py-FUNC:timeout_handler-LINE:47-successfully requested and souped https://pypi.org/search/?c=Topic+%3A%3A+Communications&o=-created&q=&page=2
2020-12-13 13:43:37,374-INFO-FILE:scrap_package.py-FUNC:timeout_handler-LINE:47-successfully requested and souped https://pypi.org/project/hata/
2020-12-13 13:43:37,374-INFO-FILE:scrap_package.py-FUNC:timeout_handler-LINE:47-successfully requested and souped https://pypi.org/project/hata/
2020-12-13 13:43:45,642-INFO-FILE:scrap_package.py-FUNC:timeout_handler-LINE:47-successfully requested and souped https://pypi.org/project/tlds/
2020-12-13 13:43:45,642-INFO-FILE:scrap_package.py-FUNC:timeout_handler-LINE:47-successfully requested and souped https://pypi.org/project/tlds/
2020-12-13 13:43:49,985-INFO-FILE:scrap_package.py-FUNC:timeout_handler-LINE:47-successfully requested and souped https://pypi.org/project/spellbot/
2020-12-13 13:43:49,985-INFO-FILE:scrap_package.py-FUNC:timeout_handler-LINE:47-successfully requested and souped https://pypi.org/project/spellbot/
2020-12-13 13:43:53,964-INFO-FILE:scrap_package.py-FUNC:timeout_handler-LINE:47-successfully requested and souped https://pypi.org/project/mautrix-instagram/
2020-12-13 13:43:53,964-INFO-FILE:scrap_package.py-FUNC:timeout_handler-LINE:47-successfully requested and souped https://pypi.org/project/mautrix-instagram/
2020-12-13 13:43:58,048-INFO-FILE:scrap_package.py-FUNC:timeout_handler-LINE:47-successfully requested and souped https://pypi.org/project/matrix-registration/
2020-12-13 13:43:58,048-INFO-FILE:scrap_package.py-FUNC:timeout_handler-LINE:47-successfully requested and souped https://pypi.org/project/matrix-registration/
2020-12-13 13:44:03,372-INFO-FILE:scrap_package.py-FUNC:timeout_handler-LINE:47-successfully requested and souped https://pypi.org/project/bleak/
2020-12-13 13:44:03,372-INFO-FILE:scrap_package.py-FUNC:timeout_handler-LINE:47-successfully requested and souped https://pypi.org/project/bleak/
2020-12-13 13:44:07,100-INFO-FILE:scrap_package.py-FUNC:timeout_handler-LINE:47-successfully requested and souped https://pypi.org/project/mautrix-twitter/
2020-12-13 13:44:07,100-INFO-FILE:scrap_package.py-FUNC:timeout_handler-LINE:47-successfully requested and souped https://pypi.org/project/mautrix-twitter/
2020-12-13 13:44:11,098-INFO-FILE:scrap_package.py-FUNC:timeout_handler-LINE:47-successfully requested and souped https://pypi.org/project/mautrix-facebook/
2020-12-13 13:44:11,098-INFO-FILE:scrap_package.py-FUNC:timeout_handler-LINE:47-successfully requested and souped https://pypi.org/project/mautrix-facebook/
2020-12-13 13:44:14,381-INFO-FILE:scrap_package.py-FUNC:timeout_handler-LINE:47-successfully requested and souped https://pypi.org/project/satnogs-db/
2020-12-13 13:44:14,381-INFO-FILE:scrap_package.py-FUNC:timeout_handler-LINE:47-successfully requested and souped https://pypi.org/project/satnogs-db/
2020-12-13 13:44:16,690-INFO-FILE:scrap_package.py-FUNC:timeout_handler-LINE:47-successfully requested and souped https://pypi.org/project/satnogs-db-api-client/
2020-12-13 13:44:16,690-INFO-FILE:scrap_package.py-FUNC:timeout_handler-LINE:47-successfully requested and souped https://pypi.org/project/satnogs-db-api-client/
2020-12-13 13:44:18,869-INFO-FILE:scrap_package.py-FUNC:timeout_handler-LINE:47-successfully requested and souped https://pypi.org/project/edhoc/
2020-12-13 13:44:18,869-INFO-FILE:scrap_package.py-FUNC:timeout_handler-LINE:47-successfully requested and souped https://pypi.org/project/edhoc/
