2020-12-10 13:42:33,888-INFO-FILE:log.py-FUNC:info-LINE:110-SHOW VARIABLES LIKE 'sql_mode'
2020-12-10 13:42:33,889-INFO-FILE:log.py-FUNC:info-LINE:110-{}
2020-12-10 13:42:33,891-INFO-FILE:log.py-FUNC:info-LINE:110-SHOW VARIABLES LIKE 'lower_case_table_names'
2020-12-10 13:42:33,891-INFO-FILE:log.py-FUNC:info-LINE:110-{}
2020-12-10 13:42:33,894-INFO-FILE:log.py-FUNC:info-LINE:110-SELECT DATABASE()
2020-12-10 13:42:33,894-INFO-FILE:log.py-FUNC:info-LINE:110-{}
2020-12-10 13:42:33,896-INFO-FILE:log.py-FUNC:info-LINE:110-SELECT CAST('test plain returns' AS CHAR(60)) AS anon_1
2020-12-10 13:42:33,898-INFO-FILE:log.py-FUNC:info-LINE:110-{}
2020-12-10 13:42:33,899-INFO-FILE:log.py-FUNC:info-LINE:110-SELECT CAST('test unicode returns' AS CHAR(60)) AS anon_1
2020-12-10 13:42:33,899-INFO-FILE:log.py-FUNC:info-LINE:110-{}
2020-12-10 13:42:33,900-INFO-FILE:log.py-FUNC:info-LINE:110-BEGIN (implicit)
2020-12-10 13:42:33,903-INFO-FILE:log.py-FUNC:info-LINE:110-SELECT package.id AS package_id, package.name AS package_name, package.version AS package_version, package.author AS package_author, package.author_info AS package_author_info, package.description AS package_description, package.package_license AS package_package_license, package.release_date AS package_release_date, package.github_stars AS package_github_stars, package.github_forks AS package_github_forks, package.github_open_issues AS package_github_open_issues, package.date_created AS package_date_created 
FROM package 
WHERE package.name = %(name_1)s 
 LIMIT %(param_1)s
2020-12-10 13:42:33,903-INFO-FILE:log.py-FUNC:info-LINE:110-{'name_1': 'shiboken6', 'param_1': 1}
2020-12-10 13:42:35,601-INFO-FILE:log.py-FUNC:info-LINE:110-SHOW VARIABLES LIKE 'sql_mode'
2020-12-10 13:42:35,601-INFO-FILE:log.py-FUNC:info-LINE:110-{}
2020-12-10 13:42:35,604-INFO-FILE:log.py-FUNC:info-LINE:110-SHOW VARIABLES LIKE 'lower_case_table_names'
2020-12-10 13:42:35,604-INFO-FILE:log.py-FUNC:info-LINE:110-{}
2020-12-10 13:42:35,607-INFO-FILE:log.py-FUNC:info-LINE:110-SELECT DATABASE()
2020-12-10 13:42:35,607-INFO-FILE:log.py-FUNC:info-LINE:110-{}
2020-12-10 13:42:35,609-INFO-FILE:log.py-FUNC:info-LINE:110-SELECT CAST('test plain returns' AS CHAR(60)) AS anon_1
2020-12-10 13:42:35,609-INFO-FILE:log.py-FUNC:info-LINE:110-{}
2020-12-10 13:42:35,610-INFO-FILE:log.py-FUNC:info-LINE:110-SELECT CAST('test unicode returns' AS CHAR(60)) AS anon_1
2020-12-10 13:42:35,610-INFO-FILE:log.py-FUNC:info-LINE:110-{}
2020-12-10 13:42:35,611-INFO-FILE:log.py-FUNC:info-LINE:110-BEGIN (implicit)
2020-12-10 13:42:35,612-INFO-FILE:log.py-FUNC:info-LINE:110-SELECT package.id AS package_id, package.name AS package_name, package.version AS package_version, package.author AS package_author, package.author_info AS package_author_info, package.description AS package_description, package.package_license AS package_package_license, package.release_date AS package_release_date, package.github_stars AS package_github_stars, package.github_forks AS package_github_forks, package.github_open_issues AS package_github_open_issues, package.date_created AS package_date_created 
FROM package 
WHERE package.name = %(name_1)s 
 LIMIT %(param_1)s
2020-12-10 13:42:35,613-INFO-FILE:log.py-FUNC:info-LINE:110-{'name_1': 'mysqlclient', 'param_1': 1}
2020-12-10 13:42:37,209-INFO-FILE:log.py-FUNC:info-LINE:110-SHOW VARIABLES LIKE 'sql_mode'
2020-12-10 13:42:37,210-INFO-FILE:log.py-FUNC:info-LINE:110-{}
2020-12-10 13:42:37,212-INFO-FILE:log.py-FUNC:info-LINE:110-SHOW VARIABLES LIKE 'lower_case_table_names'
2020-12-10 13:42:37,212-INFO-FILE:log.py-FUNC:info-LINE:110-{}
2020-12-10 13:42:37,215-INFO-FILE:log.py-FUNC:info-LINE:110-SELECT DATABASE()
2020-12-10 13:42:37,216-INFO-FILE:log.py-FUNC:info-LINE:110-{}
2020-12-10 13:42:37,218-INFO-FILE:log.py-FUNC:info-LINE:110-SELECT CAST('test plain returns' AS CHAR(60)) AS anon_1
2020-12-10 13:42:37,218-INFO-FILE:log.py-FUNC:info-LINE:110-{}
2020-12-10 13:42:37,221-INFO-FILE:log.py-FUNC:info-LINE:110-SELECT CAST('test unicode returns' AS CHAR(60)) AS anon_1
2020-12-10 13:42:37,221-INFO-FILE:log.py-FUNC:info-LINE:110-{}
2020-12-10 13:42:37,222-INFO-FILE:log.py-FUNC:info-LINE:110-BEGIN (implicit)
2020-12-10 13:42:37,223-INFO-FILE:log.py-FUNC:info-LINE:110-SELECT package.id AS package_id, package.name AS package_name, package.version AS package_version, package.author AS package_author, package.author_info AS package_author_info, package.description AS package_description, package.package_license AS package_package_license, package.release_date AS package_release_date, package.github_stars AS package_github_stars, package.github_forks AS package_github_forks, package.github_open_issues AS package_github_open_issues, package.date_created AS package_date_created 
FROM package 
WHERE package.name = %(name_1)s 
 LIMIT %(param_1)s
2020-12-10 13:42:37,223-INFO-FILE:log.py-FUNC:info-LINE:110-{'name_1': 'wetterdienst', 'param_1': 1}
2020-12-10 13:42:38,757-INFO-FILE:log.py-FUNC:info-LINE:110-SHOW VARIABLES LIKE 'sql_mode'
2020-12-10 13:42:38,757-INFO-FILE:log.py-FUNC:info-LINE:110-{}
2020-12-10 13:42:38,759-INFO-FILE:log.py-FUNC:info-LINE:110-SHOW VARIABLES LIKE 'lower_case_table_names'
2020-12-10 13:42:38,760-INFO-FILE:log.py-FUNC:info-LINE:110-{}
2020-12-10 13:42:38,763-INFO-FILE:log.py-FUNC:info-LINE:110-SELECT DATABASE()
2020-12-10 13:42:38,763-INFO-FILE:log.py-FUNC:info-LINE:110-{}
2020-12-10 13:42:38,765-INFO-FILE:log.py-FUNC:info-LINE:110-SELECT CAST('test plain returns' AS CHAR(60)) AS anon_1
2020-12-10 13:42:38,765-INFO-FILE:log.py-FUNC:info-LINE:110-{}
2020-12-10 13:42:38,766-INFO-FILE:log.py-FUNC:info-LINE:110-SELECT CAST('test unicode returns' AS CHAR(60)) AS anon_1
2020-12-10 13:42:38,766-INFO-FILE:log.py-FUNC:info-LINE:110-{}
2020-12-10 13:42:38,767-INFO-FILE:log.py-FUNC:info-LINE:110-BEGIN (implicit)
2020-12-10 13:42:38,768-INFO-FILE:log.py-FUNC:info-LINE:110-SELECT package.id AS package_id, package.name AS package_name, package.version AS package_version, package.author AS package_author, package.author_info AS package_author_info, package.description AS package_description, package.package_license AS package_package_license, package.release_date AS package_release_date, package.github_stars AS package_github_stars, package.github_forks AS package_github_forks, package.github_open_issues AS package_github_open_issues, package.date_created AS package_date_created 
FROM package 
WHERE package.name = %(name_1)s 
 LIMIT %(param_1)s
2020-12-10 13:42:38,770-INFO-FILE:log.py-FUNC:info-LINE:110-{'name_1': 'vectorai-nightly', 'param_1': 1}
2020-12-10 13:42:39,894-INFO-FILE:log.py-FUNC:info-LINE:110-SHOW VARIABLES LIKE 'sql_mode'
2020-12-10 13:42:39,895-INFO-FILE:log.py-FUNC:info-LINE:110-{}
2020-12-10 13:42:39,897-INFO-FILE:log.py-FUNC:info-LINE:110-SHOW VARIABLES LIKE 'lower_case_table_names'
2020-12-10 13:42:39,898-INFO-FILE:log.py-FUNC:info-LINE:110-{}
2020-12-10 13:42:39,901-INFO-FILE:log.py-FUNC:info-LINE:110-SELECT DATABASE()
2020-12-10 13:42:39,901-INFO-FILE:log.py-FUNC:info-LINE:110-{}
2020-12-10 13:42:39,903-INFO-FILE:log.py-FUNC:info-LINE:110-SELECT CAST('test plain returns' AS CHAR(60)) AS anon_1
2020-12-10 13:42:39,903-INFO-FILE:log.py-FUNC:info-LINE:110-{}
2020-12-10 13:42:39,904-INFO-FILE:log.py-FUNC:info-LINE:110-SELECT CAST('test unicode returns' AS CHAR(60)) AS anon_1
2020-12-10 13:42:39,904-INFO-FILE:log.py-FUNC:info-LINE:110-{}
2020-12-10 13:42:39,905-INFO-FILE:log.py-FUNC:info-LINE:110-BEGIN (implicit)
2020-12-10 13:42:39,906-INFO-FILE:log.py-FUNC:info-LINE:110-SELECT package.id AS package_id, package.name AS package_name, package.version AS package_version, package.author AS package_author, package.author_info AS package_author_info, package.description AS package_description, package.package_license AS package_package_license, package.release_date AS package_release_date, package.github_stars AS package_github_stars, package.github_forks AS package_github_forks, package.github_open_issues AS package_github_open_issues, package.date_created AS package_date_created 
FROM package 
WHERE package.name = %(name_1)s 
 LIMIT %(param_1)s
2020-12-10 13:42:39,906-INFO-FILE:log.py-FUNC:info-LINE:110-{'name_1': 'dash', 'param_1': 1}
2020-12-10 13:42:41,598-INFO-FILE:log.py-FUNC:info-LINE:110-SHOW VARIABLES LIKE 'sql_mode'
2020-12-10 13:42:41,599-INFO-FILE:log.py-FUNC:info-LINE:110-{}
2020-12-10 13:42:41,601-INFO-FILE:log.py-FUNC:info-LINE:110-SHOW VARIABLES LIKE 'lower_case_table_names'
2020-12-10 13:42:41,601-INFO-FILE:log.py-FUNC:info-LINE:110-{}
2020-12-10 13:42:41,603-INFO-FILE:log.py-FUNC:info-LINE:110-SELECT DATABASE()
2020-12-10 13:42:41,604-INFO-FILE:log.py-FUNC:info-LINE:110-{}
2020-12-10 13:42:41,605-INFO-FILE:log.py-FUNC:info-LINE:110-SELECT CAST('test plain returns' AS CHAR(60)) AS anon_1
2020-12-10 13:42:41,605-INFO-FILE:log.py-FUNC:info-LINE:110-{}
2020-12-10 13:42:41,606-INFO-FILE:log.py-FUNC:info-LINE:110-SELECT CAST('test unicode returns' AS CHAR(60)) AS anon_1
2020-12-10 13:42:41,606-INFO-FILE:log.py-FUNC:info-LINE:110-{}
2020-12-10 13:42:41,607-INFO-FILE:log.py-FUNC:info-LINE:110-BEGIN (implicit)
2020-12-10 13:42:41,607-INFO-FILE:log.py-FUNC:info-LINE:110-SELECT package.id AS package_id, package.name AS package_name, package.version AS package_version, package.author AS package_author, package.author_info AS package_author_info, package.description AS package_description, package.package_license AS package_package_license, package.release_date AS package_release_date, package.github_stars AS package_github_stars, package.github_forks AS package_github_forks, package.github_open_issues AS package_github_open_issues, package.date_created AS package_date_created 
FROM package 
WHERE package.name = %(name_1)s 
 LIMIT %(param_1)s
2020-12-10 13:42:41,608-INFO-FILE:log.py-FUNC:info-LINE:110-{'name_1': 'aiopg', 'param_1': 1}
2020-12-10 13:42:43,161-INFO-FILE:log.py-FUNC:info-LINE:110-SHOW VARIABLES LIKE 'sql_mode'
2020-12-10 13:42:43,161-INFO-FILE:log.py-FUNC:info-LINE:110-{}
2020-12-10 13:42:43,164-INFO-FILE:log.py-FUNC:info-LINE:110-SHOW VARIABLES LIKE 'lower_case_table_names'
2020-12-10 13:42:43,164-INFO-FILE:log.py-FUNC:info-LINE:110-{}
2020-12-10 13:42:43,167-INFO-FILE:log.py-FUNC:info-LINE:110-SELECT DATABASE()
2020-12-10 13:42:43,167-INFO-FILE:log.py-FUNC:info-LINE:110-{}
2020-12-10 13:42:43,169-INFO-FILE:log.py-FUNC:info-LINE:110-SELECT CAST('test plain returns' AS CHAR(60)) AS anon_1
2020-12-10 13:42:43,169-INFO-FILE:log.py-FUNC:info-LINE:110-{}
2020-12-10 13:42:43,170-INFO-FILE:log.py-FUNC:info-LINE:110-SELECT CAST('test unicode returns' AS CHAR(60)) AS anon_1
2020-12-10 13:42:43,171-INFO-FILE:log.py-FUNC:info-LINE:110-{}
2020-12-10 13:42:43,171-INFO-FILE:log.py-FUNC:info-LINE:110-BEGIN (implicit)
2020-12-10 13:42:43,173-INFO-FILE:log.py-FUNC:info-LINE:110-SELECT package.id AS package_id, package.name AS package_name, package.version AS package_version, package.author AS package_author, package.author_info AS package_author_info, package.description AS package_description, package.package_license AS package_package_license, package.release_date AS package_release_date, package.github_stars AS package_github_stars, package.github_forks AS package_github_forks, package.github_open_issues AS package_github_open_issues, package.date_created AS package_date_created 
FROM package 
WHERE package.name = %(name_1)s 
 LIMIT %(param_1)s
2020-12-10 13:42:43,174-INFO-FILE:log.py-FUNC:info-LINE:110-{'name_1': 'python-jsonstore', 'param_1': 1}
2020-12-10 13:42:44,263-INFO-FILE:log.py-FUNC:info-LINE:110-SHOW VARIABLES LIKE 'sql_mode'
2020-12-10 13:42:44,263-INFO-FILE:log.py-FUNC:info-LINE:110-{}
2020-12-10 13:42:44,266-INFO-FILE:log.py-FUNC:info-LINE:110-SHOW VARIABLES LIKE 'lower_case_table_names'
2020-12-10 13:42:44,266-INFO-FILE:log.py-FUNC:info-LINE:110-{}
2020-12-10 13:42:44,268-INFO-FILE:log.py-FUNC:info-LINE:110-SELECT DATABASE()
2020-12-10 13:42:44,269-INFO-FILE:log.py-FUNC:info-LINE:110-{}
2020-12-10 13:42:44,270-INFO-FILE:log.py-FUNC:info-LINE:110-SELECT CAST('test plain returns' AS CHAR(60)) AS anon_1
2020-12-10 13:42:44,271-INFO-FILE:log.py-FUNC:info-LINE:110-{}
2020-12-10 13:42:44,271-INFO-FILE:log.py-FUNC:info-LINE:110-SELECT CAST('test unicode returns' AS CHAR(60)) AS anon_1
2020-12-10 13:42:44,272-INFO-FILE:log.py-FUNC:info-LINE:110-{}
2020-12-10 13:42:44,272-INFO-FILE:log.py-FUNC:info-LINE:110-BEGIN (implicit)
2020-12-10 13:42:44,273-INFO-FILE:log.py-FUNC:info-LINE:110-SELECT package.id AS package_id, package.name AS package_name, package.version AS package_version, package.author AS package_author, package.author_info AS package_author_info, package.description AS package_description, package.package_license AS package_package_license, package.release_date AS package_release_date, package.github_stars AS package_github_stars, package.github_forks AS package_github_forks, package.github_open_issues AS package_github_open_issues, package.date_created AS package_date_created 
FROM package 
WHERE package.name = %(name_1)s 
 LIMIT %(param_1)s
2020-12-10 13:42:44,274-INFO-FILE:log.py-FUNC:info-LINE:110-{'name_1': 'pyinventory', 'param_1': 1}
2020-12-10 13:42:45,898-INFO-FILE:log.py-FUNC:info-LINE:110-SHOW VARIABLES LIKE 'sql_mode'
2020-12-10 13:42:45,898-INFO-FILE:log.py-FUNC:info-LINE:110-{}
2020-12-10 13:42:45,900-INFO-FILE:log.py-FUNC:info-LINE:110-SHOW VARIABLES LIKE 'lower_case_table_names'
2020-12-10 13:42:45,900-INFO-FILE:log.py-FUNC:info-LINE:110-{}
2020-12-10 13:42:45,903-INFO-FILE:log.py-FUNC:info-LINE:110-SELECT DATABASE()
2020-12-10 13:42:45,903-INFO-FILE:log.py-FUNC:info-LINE:110-{}
2020-12-10 13:42:45,904-INFO-FILE:log.py-FUNC:info-LINE:110-SELECT CAST('test plain returns' AS CHAR(60)) AS anon_1
2020-12-10 13:42:45,904-INFO-FILE:log.py-FUNC:info-LINE:110-{}
2020-12-10 13:42:45,905-INFO-FILE:log.py-FUNC:info-LINE:110-SELECT CAST('test unicode returns' AS CHAR(60)) AS anon_1
2020-12-10 13:42:45,905-INFO-FILE:log.py-FUNC:info-LINE:110-{}
2020-12-10 13:42:45,906-INFO-FILE:log.py-FUNC:info-LINE:110-BEGIN (implicit)
2020-12-10 13:42:45,907-INFO-FILE:log.py-FUNC:info-LINE:110-SELECT package.id AS package_id, package.name AS package_name, package.version AS package_version, package.author AS package_author, package.author_info AS package_author_info, package.description AS package_description, package.package_license AS package_package_license, package.release_date AS package_release_date, package.github_stars AS package_github_stars, package.github_forks AS package_github_forks, package.github_open_issues AS package_github_open_issues, package.date_created AS package_date_created 
FROM package 
WHERE package.name = %(name_1)s 
 LIMIT %(param_1)s
2020-12-10 13:42:45,907-INFO-FILE:log.py-FUNC:info-LINE:110-{'name_1': 'pdm-utils', 'param_1': 1}
2020-12-10 13:42:46,944-INFO-FILE:log.py-FUNC:info-LINE:110-SHOW VARIABLES LIKE 'sql_mode'
2020-12-10 13:42:46,944-INFO-FILE:log.py-FUNC:info-LINE:110-{}
2020-12-10 13:42:46,947-INFO-FILE:log.py-FUNC:info-LINE:110-SHOW VARIABLES LIKE 'lower_case_table_names'
2020-12-10 13:42:46,947-INFO-FILE:log.py-FUNC:info-LINE:110-{}
2020-12-10 13:42:46,949-INFO-FILE:log.py-FUNC:info-LINE:110-SELECT DATABASE()
2020-12-10 13:42:46,950-INFO-FILE:log.py-FUNC:info-LINE:110-{}
2020-12-10 13:42:46,951-INFO-FILE:log.py-FUNC:info-LINE:110-SELECT CAST('test plain returns' AS CHAR(60)) AS anon_1
2020-12-10 13:42:46,951-INFO-FILE:log.py-FUNC:info-LINE:110-{}
2020-12-10 13:42:46,952-INFO-FILE:log.py-FUNC:info-LINE:110-SELECT CAST('test unicode returns' AS CHAR(60)) AS anon_1
2020-12-10 13:42:46,953-INFO-FILE:log.py-FUNC:info-LINE:110-{}
2020-12-10 13:42:46,953-INFO-FILE:log.py-FUNC:info-LINE:110-BEGIN (implicit)
2020-12-10 13:42:46,954-INFO-FILE:log.py-FUNC:info-LINE:110-SELECT package.id AS package_id, package.name AS package_name, package.version AS package_version, package.author AS package_author, package.author_info AS package_author_info, package.description AS package_description, package.package_license AS package_package_license, package.release_date AS package_release_date, package.github_stars AS package_github_stars, package.github_forks AS package_github_forks, package.github_open_issues AS package_github_open_issues, package.date_created AS package_date_created 
FROM package 
WHERE package.name = %(name_1)s 
 LIMIT %(param_1)s
2020-12-10 13:42:46,954-INFO-FILE:log.py-FUNC:info-LINE:110-{'name_1': 'ldap0', 'param_1': 1}
2020-12-10 13:42:48,529-INFO-FILE:log.py-FUNC:info-LINE:110-SHOW VARIABLES LIKE 'sql_mode'
2020-12-10 13:42:48,530-INFO-FILE:log.py-FUNC:info-LINE:110-{}
2020-12-10 13:42:48,532-INFO-FILE:log.py-FUNC:info-LINE:110-SHOW VARIABLES LIKE 'lower_case_table_names'
2020-12-10 13:42:48,533-INFO-FILE:log.py-FUNC:info-LINE:110-{}
2020-12-10 13:42:48,535-INFO-FILE:log.py-FUNC:info-LINE:110-SELECT DATABASE()
2020-12-10 13:42:48,536-INFO-FILE:log.py-FUNC:info-LINE:110-{}
2020-12-10 13:42:48,538-INFO-FILE:log.py-FUNC:info-LINE:110-SELECT CAST('test plain returns' AS CHAR(60)) AS anon_1
2020-12-10 13:42:48,538-INFO-FILE:log.py-FUNC:info-LINE:110-{}
2020-12-10 13:42:48,540-INFO-FILE:log.py-FUNC:info-LINE:110-SELECT CAST('test unicode returns' AS CHAR(60)) AS anon_1
2020-12-10 13:42:48,540-INFO-FILE:log.py-FUNC:info-LINE:110-{}
2020-12-10 13:42:48,541-INFO-FILE:log.py-FUNC:info-LINE:110-BEGIN (implicit)
2020-12-10 13:42:48,542-INFO-FILE:log.py-FUNC:info-LINE:110-SELECT package.id AS package_id, package.name AS package_name, package.version AS package_version, package.author AS package_author, package.author_info AS package_author_info, package.description AS package_description, package.package_license AS package_package_license, package.release_date AS package_release_date, package.github_stars AS package_github_stars, package.github_forks AS package_github_forks, package.github_open_issues AS package_github_open_issues, package.date_created AS package_date_created 
FROM package 
WHERE package.name = %(name_1)s 
 LIMIT %(param_1)s
2020-12-10 13:42:48,543-INFO-FILE:log.py-FUNC:info-LINE:110-{'name_1': 'sql-to-ibis', 'param_1': 1}
2020-12-10 13:42:50,139-INFO-FILE:log.py-FUNC:info-LINE:110-SHOW VARIABLES LIKE 'sql_mode'
2020-12-10 13:42:50,139-INFO-FILE:log.py-FUNC:info-LINE:110-{}
2020-12-10 13:42:50,141-INFO-FILE:log.py-FUNC:info-LINE:110-SHOW VARIABLES LIKE 'lower_case_table_names'
2020-12-10 13:42:50,142-INFO-FILE:log.py-FUNC:info-LINE:110-{}
2020-12-10 13:42:50,144-INFO-FILE:log.py-FUNC:info-LINE:110-SELECT DATABASE()
2020-12-10 13:42:50,144-INFO-FILE:log.py-FUNC:info-LINE:110-{}
2020-12-10 13:42:50,146-INFO-FILE:log.py-FUNC:info-LINE:110-SELECT CAST('test plain returns' AS CHAR(60)) AS anon_1
2020-12-10 13:42:50,146-INFO-FILE:log.py-FUNC:info-LINE:110-{}
2020-12-10 13:42:50,147-INFO-FILE:log.py-FUNC:info-LINE:110-SELECT CAST('test unicode returns' AS CHAR(60)) AS anon_1
2020-12-10 13:42:50,147-INFO-FILE:log.py-FUNC:info-LINE:110-{}
2020-12-10 13:42:50,148-INFO-FILE:log.py-FUNC:info-LINE:110-BEGIN (implicit)
2020-12-10 13:42:50,149-INFO-FILE:log.py-FUNC:info-LINE:110-SELECT package.id AS package_id, package.name AS package_name, package.version AS package_version, package.author AS package_author, package.author_info AS package_author_info, package.description AS package_description, package.package_license AS package_package_license, package.release_date AS package_release_date, package.github_stars AS package_github_stars, package.github_forks AS package_github_forks, package.github_open_issues AS package_github_open_issues, package.date_created AS package_date_created 
FROM package 
WHERE package.name = %(name_1)s 
 LIMIT %(param_1)s
2020-12-10 13:42:50,149-INFO-FILE:log.py-FUNC:info-LINE:110-{'name_1': 'fastdbf', 'param_1': 1}
2020-12-10 13:42:51,212-INFO-FILE:log.py-FUNC:info-LINE:110-SHOW VARIABLES LIKE 'sql_mode'
2020-12-10 13:42:51,213-INFO-FILE:log.py-FUNC:info-LINE:110-{}
2020-12-10 13:42:51,215-INFO-FILE:log.py-FUNC:info-LINE:110-SHOW VARIABLES LIKE 'lower_case_table_names'
2020-12-10 13:42:51,215-INFO-FILE:log.py-FUNC:info-LINE:110-{}
2020-12-10 13:42:51,218-INFO-FILE:log.py-FUNC:info-LINE:110-SELECT DATABASE()
2020-12-10 13:42:51,219-INFO-FILE:log.py-FUNC:info-LINE:110-{}
2020-12-10 13:42:51,221-INFO-FILE:log.py-FUNC:info-LINE:110-SELECT CAST('test plain returns' AS CHAR(60)) AS anon_1
2020-12-10 13:42:51,221-INFO-FILE:log.py-FUNC:info-LINE:110-{}
2020-12-10 13:42:51,222-INFO-FILE:log.py-FUNC:info-LINE:110-SELECT CAST('test unicode returns' AS CHAR(60)) AS anon_1
2020-12-10 13:42:51,222-INFO-FILE:log.py-FUNC:info-LINE:110-{}
2020-12-10 13:42:51,222-INFO-FILE:log.py-FUNC:info-LINE:110-BEGIN (implicit)
2020-12-10 13:42:51,223-INFO-FILE:log.py-FUNC:info-LINE:110-SELECT package.id AS package_id, package.name AS package_name, package.version AS package_version, package.author AS package_author, package.author_info AS package_author_info, package.description AS package_description, package.package_license AS package_package_license, package.release_date AS package_release_date, package.github_stars AS package_github_stars, package.github_forks AS package_github_forks, package.github_open_issues AS package_github_open_issues, package.date_created AS package_date_created 
FROM package 
WHERE package.name = %(name_1)s 
 LIMIT %(param_1)s
2020-12-10 13:42:51,223-INFO-FILE:log.py-FUNC:info-LINE:110-{'name_1': 'hdbcli', 'param_1': 1}
2020-12-10 13:42:52,854-INFO-FILE:log.py-FUNC:info-LINE:110-SHOW VARIABLES LIKE 'sql_mode'
2020-12-10 13:42:52,854-INFO-FILE:log.py-FUNC:info-LINE:110-{}
2020-12-10 13:42:52,857-INFO-FILE:log.py-FUNC:info-LINE:110-SHOW VARIABLES LIKE 'lower_case_table_names'
2020-12-10 13:42:52,857-INFO-FILE:log.py-FUNC:info-LINE:110-{}
2020-12-10 13:42:52,861-INFO-FILE:log.py-FUNC:info-LINE:110-SELECT DATABASE()
2020-12-10 13:42:52,861-INFO-FILE:log.py-FUNC:info-LINE:110-{}
2020-12-10 13:42:52,863-INFO-FILE:log.py-FUNC:info-LINE:110-SELECT CAST('test plain returns' AS CHAR(60)) AS anon_1
2020-12-10 13:42:52,863-INFO-FILE:log.py-FUNC:info-LINE:110-{}
2020-12-10 13:42:52,864-INFO-FILE:log.py-FUNC:info-LINE:110-SELECT CAST('test unicode returns' AS CHAR(60)) AS anon_1
2020-12-10 13:42:52,864-INFO-FILE:log.py-FUNC:info-LINE:110-{}
2020-12-10 13:42:52,864-INFO-FILE:log.py-FUNC:info-LINE:110-BEGIN (implicit)
2020-12-10 13:42:52,865-INFO-FILE:log.py-FUNC:info-LINE:110-SELECT package.id AS package_id, package.name AS package_name, package.version AS package_version, package.author AS package_author, package.author_info AS package_author_info, package.description AS package_description, package.package_license AS package_package_license, package.release_date AS package_release_date, package.github_stars AS package_github_stars, package.github_forks AS package_github_forks, package.github_open_issues AS package_github_open_issues, package.date_created AS package_date_created 
FROM package 
WHERE package.name = %(name_1)s 
 LIMIT %(param_1)s
2020-12-10 13:42:52,865-INFO-FILE:log.py-FUNC:info-LINE:110-{'name_1': 'django-mysql', 'param_1': 1}
2020-12-10 13:42:54,443-INFO-FILE:log.py-FUNC:info-LINE:110-SHOW VARIABLES LIKE 'sql_mode'
2020-12-10 13:42:54,444-INFO-FILE:log.py-FUNC:info-LINE:110-{}
2020-12-10 13:42:54,446-INFO-FILE:log.py-FUNC:info-LINE:110-SHOW VARIABLES LIKE 'lower_case_table_names'
2020-12-10 13:42:54,447-INFO-FILE:log.py-FUNC:info-LINE:110-{}
2020-12-10 13:42:54,449-INFO-FILE:log.py-FUNC:info-LINE:110-SELECT DATABASE()
2020-12-10 13:42:54,450-INFO-FILE:log.py-FUNC:info-LINE:110-{}
2020-12-10 13:42:54,451-INFO-FILE:log.py-FUNC:info-LINE:110-SELECT CAST('test plain returns' AS CHAR(60)) AS anon_1
2020-12-10 13:42:54,452-INFO-FILE:log.py-FUNC:info-LINE:110-{}
2020-12-10 13:42:54,453-INFO-FILE:log.py-FUNC:info-LINE:110-SELECT CAST('test unicode returns' AS CHAR(60)) AS anon_1
2020-12-10 13:42:54,453-INFO-FILE:log.py-FUNC:info-LINE:110-{}
2020-12-10 13:42:54,454-INFO-FILE:log.py-FUNC:info-LINE:110-BEGIN (implicit)
2020-12-10 13:42:54,455-INFO-FILE:log.py-FUNC:info-LINE:110-SELECT package.id AS package_id, package.name AS package_name, package.version AS package_version, package.author AS package_author, package.author_info AS package_author_info, package.description AS package_description, package.package_license AS package_package_license, package.release_date AS package_release_date, package.github_stars AS package_github_stars, package.github_forks AS package_github_forks, package.github_open_issues AS package_github_open_issues, package.date_created AS package_date_created 
FROM package 
WHERE package.name = %(name_1)s 
 LIMIT %(param_1)s
2020-12-10 13:42:54,455-INFO-FILE:log.py-FUNC:info-LINE:110-{'name_1': 'db-sync-tool-kmi', 'param_1': 1}
2020-12-10 13:42:55,476-INFO-FILE:log.py-FUNC:info-LINE:110-SHOW VARIABLES LIKE 'sql_mode'
2020-12-10 13:42:55,477-INFO-FILE:log.py-FUNC:info-LINE:110-{}
2020-12-10 13:42:55,479-INFO-FILE:log.py-FUNC:info-LINE:110-SHOW VARIABLES LIKE 'lower_case_table_names'
2020-12-10 13:42:55,479-INFO-FILE:log.py-FUNC:info-LINE:110-{}
2020-12-10 13:42:55,482-INFO-FILE:log.py-FUNC:info-LINE:110-SELECT DATABASE()
2020-12-10 13:42:55,482-INFO-FILE:log.py-FUNC:info-LINE:110-{}
2020-12-10 13:42:55,484-INFO-FILE:log.py-FUNC:info-LINE:110-SELECT CAST('test plain returns' AS CHAR(60)) AS anon_1
2020-12-10 13:42:55,485-INFO-FILE:log.py-FUNC:info-LINE:110-{}
2020-12-10 13:42:55,485-INFO-FILE:log.py-FUNC:info-LINE:110-SELECT CAST('test unicode returns' AS CHAR(60)) AS anon_1
2020-12-10 13:42:55,486-INFO-FILE:log.py-FUNC:info-LINE:110-{}
2020-12-10 13:42:55,486-INFO-FILE:log.py-FUNC:info-LINE:110-BEGIN (implicit)
2020-12-10 13:42:55,487-INFO-FILE:log.py-FUNC:info-LINE:110-SELECT package.id AS package_id, package.name AS package_name, package.version AS package_version, package.author AS package_author, package.author_info AS package_author_info, package.description AS package_description, package.package_license AS package_package_license, package.release_date AS package_release_date, package.github_stars AS package_github_stars, package.github_forks AS package_github_forks, package.github_open_issues AS package_github_open_issues, package.date_created AS package_date_created 
FROM package 
WHERE package.name = %(name_1)s 
 LIMIT %(param_1)s
2020-12-10 13:42:55,488-INFO-FILE:log.py-FUNC:info-LINE:110-{'name_1': 'nuclear-postaladdress', 'param_1': 1}
2020-12-10 13:42:57,148-INFO-FILE:log.py-FUNC:info-LINE:110-SHOW VARIABLES LIKE 'sql_mode'
2020-12-10 13:42:57,149-INFO-FILE:log.py-FUNC:info-LINE:110-{}
2020-12-10 13:42:57,151-INFO-FILE:log.py-FUNC:info-LINE:110-SHOW VARIABLES LIKE 'lower_case_table_names'
2020-12-10 13:42:57,152-INFO-FILE:log.py-FUNC:info-LINE:110-{}
2020-12-10 13:42:57,155-INFO-FILE:log.py-FUNC:info-LINE:110-SELECT DATABASE()
2020-12-10 13:42:57,155-INFO-FILE:log.py-FUNC:info-LINE:110-{}
2020-12-10 13:42:57,157-INFO-FILE:log.py-FUNC:info-LINE:110-SELECT CAST('test plain returns' AS CHAR(60)) AS anon_1
2020-12-10 13:42:57,157-INFO-FILE:log.py-FUNC:info-LINE:110-{}
2020-12-10 13:42:57,158-INFO-FILE:log.py-FUNC:info-LINE:110-SELECT CAST('test unicode returns' AS CHAR(60)) AS anon_1
2020-12-10 13:42:57,158-INFO-FILE:log.py-FUNC:info-LINE:110-{}
2020-12-10 13:42:57,159-INFO-FILE:log.py-FUNC:info-LINE:110-BEGIN (implicit)
2020-12-10 13:42:57,160-INFO-FILE:log.py-FUNC:info-LINE:110-SELECT package.id AS package_id, package.name AS package_name, package.version AS package_version, package.author AS package_author, package.author_info AS package_author_info, package.description AS package_description, package.package_license AS package_package_license, package.release_date AS package_release_date, package.github_stars AS package_github_stars, package.github_forks AS package_github_forks, package.github_open_issues AS package_github_open_issues, package.date_created AS package_date_created 
FROM package 
WHERE package.name = %(name_1)s 
 LIMIT %(param_1)s
2020-12-10 13:42:57,160-INFO-FILE:log.py-FUNC:info-LINE:110-{'name_1': 'trio-mysql', 'param_1': 1}
2020-12-10 13:42:58,787-INFO-FILE:log.py-FUNC:info-LINE:110-SHOW VARIABLES LIKE 'sql_mode'
2020-12-10 13:42:58,787-INFO-FILE:log.py-FUNC:info-LINE:110-{}
2020-12-10 13:42:58,790-INFO-FILE:log.py-FUNC:info-LINE:110-SHOW VARIABLES LIKE 'lower_case_table_names'
2020-12-10 13:42:58,790-INFO-FILE:log.py-FUNC:info-LINE:110-{}
2020-12-10 13:42:58,792-INFO-FILE:log.py-FUNC:info-LINE:110-SELECT DATABASE()
2020-12-10 13:42:58,793-INFO-FILE:log.py-FUNC:info-LINE:110-{}
2020-12-10 13:42:58,794-INFO-FILE:log.py-FUNC:info-LINE:110-SELECT CAST('test plain returns' AS CHAR(60)) AS anon_1
2020-12-10 13:42:58,794-INFO-FILE:log.py-FUNC:info-LINE:110-{}
2020-12-10 13:42:58,795-INFO-FILE:log.py-FUNC:info-LINE:110-SELECT CAST('test unicode returns' AS CHAR(60)) AS anon_1
2020-12-10 13:42:58,796-INFO-FILE:log.py-FUNC:info-LINE:110-{}
2020-12-10 13:42:58,796-INFO-FILE:log.py-FUNC:info-LINE:110-BEGIN (implicit)
2020-12-10 13:42:58,797-INFO-FILE:log.py-FUNC:info-LINE:110-SELECT package.id AS package_id, package.name AS package_name, package.version AS package_version, package.author AS package_author, package.author_info AS package_author_info, package.description AS package_description, package.package_license AS package_package_license, package.release_date AS package_release_date, package.github_stars AS package_github_stars, package.github_forks AS package_github_forks, package.github_open_issues AS package_github_open_issues, package.date_created AS package_date_created 
FROM package 
WHERE package.name = %(name_1)s 
 LIMIT %(param_1)s
2020-12-10 13:42:58,797-INFO-FILE:log.py-FUNC:info-LINE:110-{'name_1': 'couchbase', 'param_1': 1}
2020-12-10 13:43:00,429-INFO-FILE:log.py-FUNC:info-LINE:110-SHOW VARIABLES LIKE 'sql_mode'
2020-12-10 13:43:00,429-INFO-FILE:log.py-FUNC:info-LINE:110-{}
2020-12-10 13:43:00,432-INFO-FILE:log.py-FUNC:info-LINE:110-SHOW VARIABLES LIKE 'lower_case_table_names'
2020-12-10 13:43:00,432-INFO-FILE:log.py-FUNC:info-LINE:110-{}
2020-12-10 13:43:00,435-INFO-FILE:log.py-FUNC:info-LINE:110-SELECT DATABASE()
2020-12-10 13:43:00,436-INFO-FILE:log.py-FUNC:info-LINE:110-{}
2020-12-10 13:43:00,437-INFO-FILE:log.py-FUNC:info-LINE:110-SELECT CAST('test plain returns' AS CHAR(60)) AS anon_1
2020-12-10 13:43:00,437-INFO-FILE:log.py-FUNC:info-LINE:110-{}
2020-12-10 13:43:00,438-INFO-FILE:log.py-FUNC:info-LINE:110-SELECT CAST('test unicode returns' AS CHAR(60)) AS anon_1
2020-12-10 13:43:00,439-INFO-FILE:log.py-FUNC:info-LINE:110-{}
2020-12-10 13:43:00,439-INFO-FILE:log.py-FUNC:info-LINE:110-BEGIN (implicit)
2020-12-10 13:43:00,440-INFO-FILE:log.py-FUNC:info-LINE:110-SELECT package.id AS package_id, package.name AS package_name, package.version AS package_version, package.author AS package_author, package.author_info AS package_author_info, package.description AS package_description, package.package_license AS package_package_license, package.release_date AS package_release_date, package.github_stars AS package_github_stars, package.github_forks AS package_github_forks, package.github_open_issues AS package_github_open_issues, package.date_created AS package_date_created 
FROM package 
WHERE package.name = %(name_1)s 
 LIMIT %(param_1)s
2020-12-10 13:43:00,441-INFO-FILE:log.py-FUNC:info-LINE:110-{'name_1': 'verticapy', 'param_1': 1}
2020-12-10 13:43:02,261-INFO-FILE:log.py-FUNC:info-LINE:110-SHOW VARIABLES LIKE 'sql_mode'
2020-12-10 13:43:02,262-INFO-FILE:log.py-FUNC:info-LINE:110-{}
2020-12-10 13:43:02,264-INFO-FILE:log.py-FUNC:info-LINE:110-SHOW VARIABLES LIKE 'lower_case_table_names'
2020-12-10 13:43:02,264-INFO-FILE:log.py-FUNC:info-LINE:110-{}
2020-12-10 13:43:02,267-INFO-FILE:log.py-FUNC:info-LINE:110-SELECT DATABASE()
2020-12-10 13:43:02,267-INFO-FILE:log.py-FUNC:info-LINE:110-{}
2020-12-10 13:43:02,269-INFO-FILE:log.py-FUNC:info-LINE:110-SELECT CAST('test plain returns' AS CHAR(60)) AS anon_1
2020-12-10 13:43:02,269-INFO-FILE:log.py-FUNC:info-LINE:110-{}
2020-12-10 13:43:02,270-INFO-FILE:log.py-FUNC:info-LINE:110-SELECT CAST('test unicode returns' AS CHAR(60)) AS anon_1
2020-12-10 13:43:02,271-INFO-FILE:log.py-FUNC:info-LINE:110-{}
2020-12-10 13:43:02,272-INFO-FILE:log.py-FUNC:info-LINE:110-BEGIN (implicit)
2020-12-10 13:43:02,274-INFO-FILE:log.py-FUNC:info-LINE:110-SELECT package.id AS package_id, package.name AS package_name, package.version AS package_version, package.author AS package_author, package.author_info AS package_author_info, package.description AS package_description, package.package_license AS package_package_license, package.release_date AS package_release_date, package.github_stars AS package_github_stars, package.github_forks AS package_github_forks, package.github_open_issues AS package_github_open_issues, package.date_created AS package_date_created 
FROM package 
WHERE package.name = %(name_1)s 
 LIMIT %(param_1)s
2020-12-10 13:43:02,274-INFO-FILE:log.py-FUNC:info-LINE:110-{'name_1': 'cx-Oracle', 'param_1': 1}
